Flow report for systemsproject
Tue Sep 25 22:55:19 2012
Quartus II Version 9.1 Build 350 03/24/2010 Service Pack 2 SJ Web Edition


---------------------
; Table of Contents ;
---------------------
  1. Legal Notice
  2. Flow Summary
  3. Flow Settings
  4. Flow Non-Default Global Settings
  5. Flow Elapsed Time
  6. Flow OS Summary
  7. Flow Log



----------------
; Legal Notice ;
----------------
Copyright (C) 1991-2010 Altera Corporation
Your use of Altera Corporation's design tools, logic functions 
and other software and tools, and its AMPP partner logic 
functions, and any output files from any of the foregoing 
(including device programming or simulation files), and any 
associated documentation or information are expressly subject 
to the terms and conditions of the Altera Program License 
Subscription Agreement, Altera MegaCore Function License 
Agreement, or other applicable license agreement, including, 
without limitation, that your use is for the sole purpose of 
programming logic devices manufactured by Altera and sold by 
Altera or its authorized distributors.  Please refer to the 
applicable agreement for further details.



+-----------------------------------------------------------------------------------+
; Flow Summary                                                                      ;
+------------------------------------+----------------------------------------------+
; Flow Status                        ; Successful - Tue Sep 25 22:55:19 2012        ;
; Quartus II Version                 ; 9.1 Build 350 03/24/2010 SP 2 SJ Web Edition ;
; Revision Name                      ; systemsproject                               ;
; Top-level Entity Name              ; main                                         ;
; Family                             ; Cyclone II                                   ;
; Device                             ; EP2C20F484C7                                 ;
; Timing Models                      ; Final                                        ;
; Met timing requirements            ; Yes                                          ;
; Total logic elements               ; 0 / 18,752 ( 0 % )                           ;
;     Total combinational functions  ; 0 / 18,752 ( 0 % )                           ;
;     Dedicated logic registers      ; 0 / 18,752 ( 0 % )                           ;
; Total registers                    ; 0                                            ;
; Total pins                         ; 2 / 315 ( < 1 % )                            ;
; Total virtual pins                 ; 0                                            ;
; Total memory bits                  ; 0 / 239,616 ( 0 % )                          ;
; Embedded Multiplier 9-bit elements ; 0 / 52 ( 0 % )                               ;
; Total PLLs                         ; 0 / 4 ( 0 % )                                ;
+------------------------------------+----------------------------------------------+


+-----------------------------------------+
; Flow Settings                           ;
+-------------------+---------------------+
; Option            ; Setting             ;
+-------------------+---------------------+
; Start date & time ; 09/25/2012 22:55:07 ;
; Main task         ; Compilation         ;
; Revision Name     ; systemsproject      ;
+-------------------+---------------------+


+--------------------------------------------------------------------------------------------------------------------+
; Flow Non-Default Global Settings                                                                                   ;
+------------------------------------+-------------------------------+----------------+-------------+----------------+
; Assignment Name                    ; Value                         ; Default Value  ; Entity Name ; Section Id     ;
+------------------------------------+-------------------------------+----------------+-------------+----------------+
; COMPILER_SIGNATURE_ID              ; 2345414892412.134861010707000 ; --             ; --          ; --             ;
; EXTRACT_VERILOG_STATE_MACHINES     ; Off                           ; On             ; --          ; --             ;
; MAX_CORE_JUNCTION_TEMP             ; 85                            ; --             ; --          ; --             ;
; MIN_CORE_JUNCTION_TEMP             ; 0                             ; --             ; --          ; --             ;
; PARTITION_COLOR                    ; 16764057                      ; --             ; main        ; Top            ;
; PARTITION_NETLIST_TYPE             ; SOURCE                        ; --             ; main        ; Top            ;
; TOP_LEVEL_ENTITY                   ; main                          ; systemsproject ; --          ; --             ;
; USE_GENERATED_PHYSICAL_CONSTRAINTS ; Off                           ; --             ; --          ; eda_blast_fpga ;
+------------------------------------+-------------------------------+----------------+-------------+----------------+


+-----------------------------------------------------------------------------------------------------------------------------+
; Flow Elapsed Time                                                                                                           ;
+-------------------------+--------------+-------------------------+---------------------+------------------------------------+
; Module Name             ; Elapsed Time ; Average Processors Used ; Peak Virtual Memory ; Total CPU Time (on all processors) ;
+-------------------------+--------------+-------------------------+---------------------+------------------------------------+
; Analysis & Synthesis    ; 00:00:01     ; 1.0                     ; 204 MB              ; 00:00:01                           ;
; Fitter                  ; 00:00:05     ; 1.0                     ; 233 MB              ; 00:00:05                           ;
; Assembler               ; 00:00:02     ; 1.0                     ; 219 MB              ; 00:00:02                           ;
; Classic Timing Analyzer ; 00:00:00     ; 1.0                     ; 152 MB              ; 00:00:00                           ;
; Total                   ; 00:00:08     ; --                      ; --                  ; 00:00:08                           ;
+-------------------------+--------------+-------------------------+---------------------+------------------------------------+


+------------------------------------------------------------------------------------------+
; Flow OS Summary                                                                          ;
+-------------------------+------------------+---------------+------------+----------------+
; Module Name             ; Machine Hostname ; OS Name       ; OS Version ; Processor type ;
+-------------------------+------------------+---------------+------------+----------------+
; Analysis & Synthesis    ; Rand_althor      ; Windows Vista ; 6.1        ; x86_64         ;
; Fitter                  ; Rand_althor      ; Windows Vista ; 6.1        ; x86_64         ;
; Assembler               ; Rand_althor      ; Windows Vista ; 6.1        ; x86_64         ;
; Classic Timing Analyzer ; Rand_althor      ; Windows Vista ; 6.1        ; x86_64         ;
+-------------------------+------------------+---------------+------------+----------------+


------------
; Flow Log ;
------------
quartus_map --read_settings_files=on --write_settings_files=off systemsproject -c systemsproject
quartus_fit --read_settings_files=off --write_settings_files=off systemsproject -c systemsproject
quartus_asm --read_settings_files=off --write_settings_files=off systemsproject -c systemsproject
quartus_tan --read_settings_files=off --write_settings_files=off systemsproject -c systemsproject --timing_analysis_only



