Flow report for top_level_fsm
Tue Nov 27 17:56:42 2012
Quartus II Version 9.1 Build 350 03/24/2010 Service Pack 2 SJ Web Edition


---------------------
; Table of Contents ;
---------------------
  1. Legal Notice
  2. Flow Summary
  3. Flow Settings
  4. Flow Non-Default Global Settings
  5. Flow Elapsed Time
  6. Flow OS Summary
  7. Flow Log



----------------
; Legal Notice ;
----------------
Copyright (C) 1991-2010 Altera Corporation
Your use of Altera Corporation's design tools, logic functions 
and other software and tools, and its AMPP partner logic 
functions, and any output files from any of the foregoing 
(including device programming or simulation files), and any 
associated documentation or information are expressly subject 
to the terms and conditions of the Altera Program License 
Subscription Agreement, Altera MegaCore Function License 
Agreement, or other applicable license agreement, including, 
without limitation, that your use is for the sole purpose of 
programming logic devices manufactured by Altera and sold by 
Altera or its authorized distributors.  Please refer to the 
applicable agreement for further details.



+-----------------------------------------------------------------------------------+
; Flow Summary                                                                      ;
+------------------------------------+----------------------------------------------+
; Flow Status                        ; Successful - Tue Nov 27 17:56:42 2012        ;
; Quartus II Version                 ; 9.1 Build 350 03/24/2010 SP 2 SJ Web Edition ;
; Revision Name                      ; top_level_fsm                                ;
; Top-level Entity Name              ; wrapper                                      ;
; Family                             ; Cyclone II                                   ;
; Device                             ; EP2C20F484C7                                 ;
; Timing Models                      ; Final                                        ;
; Met timing requirements            ; No                                           ;
; Total logic elements               ; 5,474 / 18,752 ( 29 % )                      ;
;     Total combinational functions  ; 4,913 / 18,752 ( 26 % )                      ;
;     Dedicated logic registers      ; 2,999 / 18,752 ( 16 % )                      ;
; Total registers                    ; 3148                                         ;
; Total pins                         ; 152 / 315 ( 48 % )                           ;
; Total virtual pins                 ; 0                                            ;
; Total memory bits                  ; 30,720 / 239,616 ( 13 % )                    ;
; Embedded Multiplier 9-bit elements ; 0 / 52 ( 0 % )                               ;
; Total PLLs                         ; 2 / 4 ( 50 % )                               ;
+------------------------------------+----------------------------------------------+


+-----------------------------------------+
; Flow Settings                           ;
+-------------------+---------------------+
; Option            ; Setting             ;
+-------------------+---------------------+
; Start date & time ; 11/27/2012 17:53:57 ;
; Main task         ; Compilation         ;
; Revision Name     ; top_level_fsm       ;
+-------------------+---------------------+


+------------------------------------------------------------------------------------------------------------------------------------------------------------------------------------------------------------+
; Flow Non-Default Global Settings                                                                                                                                                                           ;
+------------------------------------+------------------------------------------------------------------------------------------------------------------------+---------------+-------------+----------------+
; Assignment Name                    ; Value                                                                                                                  ; Default Value ; Entity Name ; Section Id     ;
+------------------------------------+------------------------------------------------------------------------------------------------------------------------+---------------+-------------+----------------+
; COMPILER_SIGNATURE_ID              ; 124711107512.135403883602620                                                                                           ; --            ; --          ; --             ;
; HDL_MESSAGE_LEVEL                  ; Level1                                                                                                                 ; Level2        ; --          ; --             ;
; IP_TOOL_NAME                       ; RAM: 2-PORT                                                                                                            ; --            ; --          ; --             ;
; IP_TOOL_VERSION                    ; 8.0                                                                                                                    ; --            ; --          ; --             ;
; MAX_CORE_JUNCTION_TEMP             ; 85                                                                                                                     ; --            ; --          ; --             ;
; MIN_CORE_JUNCTION_TEMP             ; 0                                                                                                                      ; --            ; --          ; --             ;
; MISC_FILE                          ; C:/Users/Roy/Documents/GitHub/systems-project-verilog/top_level_fsm.dpf                                                ; --            ; --          ; --             ;
; MISC_FILE                          ; D:/Docs/documents/docs/GitHub/systems-project-verilog/top_level_fsm.dpf                                                ; --            ; --          ; --             ;
; MISC_FILE                          ; d:/altera/91sp2/ip/University_Program/Memory/altera_up_sd_card_avalon_interface/hdl/Altera_UP_SD_Card_Memory_Block.bsf ; --            ; --          ; --             ;
; MISC_FILE                          ; d:/altera/91sp2/ip/University_Program/Memory/altera_up_sd_card_avalon_interface/hdl/Altera_UP_SD_Card_Memory_Block.cmp ; --            ; --          ; --             ;
; PARTITION_COLOR                    ; 16764057                                                                                                               ; --            ; go          ; Top            ;
; PARTITION_COLOR                    ; 16764057                                                                                                               ; --            ; wrapper     ; Top            ;
; PARTITION_NETLIST_TYPE             ; SOURCE                                                                                                                 ; --            ; go          ; Top            ;
; PARTITION_NETLIST_TYPE             ; SOURCE                                                                                                                 ; --            ; wrapper     ; Top            ;
; POWER_BOARD_THERMAL_MODEL          ; None (CONSERVATIVE)                                                                                                    ; --            ; --          ; --             ;
; POWER_PRESET_COOLING_SOLUTION      ; 23 MM HEAT SINK WITH 200 LFPM AIRFLOW                                                                                  ; --            ; --          ; --             ;
; SMART_RECOMPILE                    ; On                                                                                                                     ; Off           ; --          ; --             ;
; SOPC_BUILDER_SIGNATURE_ID          ; 001F3C547A990000013B38E5395E                                                                                           ; --            ; --          ; --             ;
; TOP_LEVEL_ENTITY                   ; wrapper                                                                                                                ; top_level_fsm ; --          ; --             ;
; USE_GENERATED_PHYSICAL_CONSTRAINTS ; Off                                                                                                                    ; --            ; --          ; eda_blast_fpga ;
+------------------------------------+------------------------------------------------------------------------------------------------------------------------+---------------+-------------+----------------+


+-----------------------------------------------------------------------------------------------------------------------------+
; Flow Elapsed Time                                                                                                           ;
+-------------------------+--------------+-------------------------+---------------------+------------------------------------+
; Module Name             ; Elapsed Time ; Average Processors Used ; Peak Virtual Memory ; Total CPU Time (on all processors) ;
+-------------------------+--------------+-------------------------+---------------------+------------------------------------+
; Analysis & Synthesis    ; 00:01:00     ; 1.0                     ; 269 MB              ; 00:01:03                           ;
; Fitter                  ; 00:01:28     ; 1.0                     ; 261 MB              ; 00:01:30                           ;
; Assembler               ; 00:00:03     ; 1.0                     ; 222 MB              ; 00:00:03                           ;
; Classic Timing Analyzer ; 00:00:06     ; 1.0                     ; 191 MB              ; 00:00:07                           ;
; Total                   ; 00:02:37     ; --                      ; --                  ; 00:02:43                           ;
+-------------------------+--------------+-------------------------+---------------------+------------------------------------+


+------------------------------------------------------------------------------------------+
; Flow OS Summary                                                                          ;
+-------------------------+------------------+---------------+------------+----------------+
; Module Name             ; Machine Hostname ; OS Name       ; OS Version ; Processor type ;
+-------------------------+------------------+---------------+------------+----------------+
; Analysis & Synthesis    ; anders-PC        ; Windows Vista ; 6.0        ; i686           ;
; Fitter                  ; anders-PC        ; Windows Vista ; 6.0        ; i686           ;
; Assembler               ; anders-PC        ; Windows Vista ; 6.0        ; i686           ;
; Classic Timing Analyzer ; anders-PC        ; Windows Vista ; 6.0        ; i686           ;
+-------------------------+------------------+---------------+------------+----------------+


------------
; Flow Log ;
------------
quartus_map --read_settings_files=on --write_settings_files=off top_level_fsm -c top_level_fsm
quartus_fit --read_settings_files=off --write_settings_files=off top_level_fsm -c top_level_fsm
quartus_asm --read_settings_files=off --write_settings_files=off top_level_fsm -c top_level_fsm
quartus_tan --read_settings_files=off --write_settings_files=off top_level_fsm -c top_level_fsm --timing_analysis_only



